<?xml version="1.0" encoding="UTF-8"?>
<testng-results ignored="0" total="1" passed="0" failed="1" skipped="0">
  <reporter-output>
  </reporter-output>
  <suite started-at="2023-12-27T09:24:58Z" name="TestSuite" finished-at="2023-12-27T09:25:18Z" duration-ms="19971">
    <groups>
    </groups>
    <test started-at="2023-12-27T09:24:58Z" name="Login Test" finished-at="2023-12-27T09:25:18Z" duration-ms="19971">
      <class name="Test.GetPriceTest">
        <test-method is-config="true" signature="openBrowser()[pri:0, instance:Test.GetPriceTest@776b83cc]" started-at="2023-12-27T09:24:58Z" name="openBrowser" finished-at="2023-12-27T09:25:03Z" duration-ms="4742" status="PASS">
          <reporter-output>
          </reporter-output>
        </test-method> <!-- openBrowser -->
        <test-method signature="getPrice()[pri:0, instance:Test.GetPriceTest@776b83cc]" started-at="2023-12-27T09:25:03Z" name="getPrice" finished-at="2023-12-27T09:25:18Z" duration-ms="14904" status="FAIL">
          <exception class="java.lang.AssertionError">
            <message>
              <![CDATA[//p[.='₹ 6,636per adult'] expected [true] but found [false]]]>
            </message>
            <full-stacktrace>
              <![CDATA[java.lang.AssertionError: //p[.='₹ 6,636per adult'] expected [true] but found [false]
at org.testng.Assert.fail(Assert.java:96)
at org.testng.Assert.failNotEquals(Assert.java:776)
at org.testng.Assert.assertTrue(Assert.java:44)
at Test.GetPriceTest.getPrice(GetPriceTest.java:19)
at java.base/jdk.internal.reflect.NativeMethodAccessorImpl.invoke0(Native Method)
at java.base/jdk.internal.reflect.NativeMethodAccessorImpl.invoke(NativeMethodAccessorImpl.java:62)
at java.base/jdk.internal.reflect.DelegatingMethodAccessorImpl.invoke(DelegatingMethodAccessorImpl.java:43)
at java.base/java.lang.reflect.Method.invoke(Method.java:566)
at org.testng.internal.MethodInvocationHelper.invokeMethod(MethodInvocationHelper.java:124)
at org.testng.internal.Invoker.invokeMethod(Invoker.java:583)
at org.testng.internal.Invoker.invokeTestMethod(Invoker.java:719)
at org.testng.internal.Invoker.invokeTestMethods(Invoker.java:989)
at org.testng.internal.TestMethodWorker.invokeTestMethods(TestMethodWorker.java:125)
at org.testng.internal.TestMethodWorker.run(TestMethodWorker.java:109)
at java.base/java.util.concurrent.ThreadPoolExecutor.runWorker(ThreadPoolExecutor.java:1128)
at java.base/java.util.concurrent.ThreadPoolExecutor$Worker.run(ThreadPoolExecutor.java:628)
at java.base/java.lang.Thread.run(Thread.java:834)
]]>
            </full-stacktrace>
          </exception> <!-- java.lang.AssertionError -->
          <reporter-output>
          </reporter-output>
        </test-method> <!-- getPrice -->
        <test-method is-config="true" signature="closeBrowser()[pri:0, instance:Test.GetPriceTest@776b83cc]" started-at="2023-12-27T09:25:18Z" name="closeBrowser" finished-at="2023-12-27T09:25:18Z" duration-ms="302" status="PASS">
          <reporter-output>
          </reporter-output>
        </test-method> <!-- closeBrowser -->
      </class> <!-- Test.GetPriceTest -->
    </test> <!-- Login Test -->
  </suite> <!-- TestSuite -->
</testng-results>
